\BOOKMARK [1][-]{section.1}{\376\377\000B\000a\000s\000i\000c\000s}{}% 1
\BOOKMARK [2][-]{subsection.1.1}{\376\377\000C\000l\000a\000s\000s\000\040\000w\000i\000t\000h\000\040\000a\000t\000t\000r\000i\000b\000u\000t\000e\000s\000\040\000a\000n\000d\000\040\000o\000p\000e\000r\000a\000t\000i\000o\000n\000s}{section.1}% 2
\BOOKMARK [3][-]{subsubsection.1.1.1}{\376\377\000V\000i\000s\000i\000b\000i\000l\000i\000t\000y\000\040\000o\000f\000\040\000a\000t\000t\000r\000i\000b\000u\000t\000e\000s\000\040\000a\000n\000d\000\040\000o\000p\000e\000r\000a\000t\000i\000o\000n\000s}{subsection.1.1}% 3
\BOOKMARK [3][-]{subsubsection.1.1.2}{\376\377\000A\000b\000s\000t\000r\000a\000c\000t\000\040\000c\000l\000a\000s\000s\000\040\000a\000n\000d\000\040\000i\000n\000t\000e\000r\000f\000a\000c\000e}{subsection.1.1}% 4
\BOOKMARK [3][-]{subsubsection.1.1.3}{\376\377\000O\000b\000j\000e\000c\000t}{subsection.1.1}% 5
\BOOKMARK [3][-]{subsubsection.1.1.4}{\376\377\000N\000o\000t\000e}{subsection.1.1}% 6
\BOOKMARK [2][-]{subsection.1.2}{\376\377\000I\000n\000h\000e\000r\000i\000t\000a\000n\000c\000e\000\040\000a\000n\000d\000\040\000i\000m\000p\000l\000e\000m\000e\000n\000t}{section.1}% 7
\BOOKMARK [3][-]{subsubsection.1.2.1}{\376\377\000I\000n\000h\000e\000r\000i\000t\000a\000n\000c\000e}{subsection.1.2}% 8
\BOOKMARK [3][-]{subsubsection.1.2.2}{\376\377\000M\000u\000l\000t\000i\000p\000l\000e\000\040\000I\000n\000h\000e\000r\000i\000t\000a\000n\000c\000e}{subsection.1.2}% 9
\BOOKMARK [3][-]{subsubsection.1.2.3}{\376\377\000I\000m\000p\000l\000e\000m\000e\000n\000t\000\040\000a\000n\000\040\000i\000n\000t\000e\000r\000f\000a\000c\000e}{subsection.1.2}% 10
\BOOKMARK [2][-]{subsection.1.3}{\376\377\000A\000s\000s\000o\000c\000i\000a\000t\000i\000o\000n\000,\000\040\000A\000g\000g\000r\000e\000g\000a\000t\000i\000o\000n\000\040\000a\000n\000d\000\040\000C\000o\000m\000p\000o\000s\000i\000t\000i\000o\000n}{section.1}% 11
\BOOKMARK [3][-]{subsubsection.1.3.1}{\376\377\000A\000s\000s\000o\000c\000i\000a\000t\000i\000o\000n}{subsection.1.3}% 12
\BOOKMARK [3][-]{subsubsection.1.3.2}{\376\377\000U\000n\000i\000d\000i\000r\000e\000c\000t\000i\000o\000n\000a\000l\000\040\000a\000s\000s\000o\000c\000i\000a\000t\000i\000o\000n}{subsection.1.3}% 13
\BOOKMARK [3][-]{subsubsection.1.3.3}{\376\377\000A\000g\000g\000r\000e\000g\000a\000t\000i\000o\000n}{subsection.1.3}% 14
\BOOKMARK [3][-]{subsubsection.1.3.4}{\376\377\000C\000o\000m\000p\000o\000s\000i\000t\000i\000o\000n}{subsection.1.3}% 15
\BOOKMARK [2][-]{subsection.1.4}{\376\377\000P\000a\000c\000k\000a\000g\000e}{section.1}% 16
\BOOKMARK [1][-]{section.2}{\376\377\000C\000u\000s\000t\000o\000m\000i\000z\000a\000t\000i\000o\000n}{}% 17
\BOOKMARK [2][-]{subsection.2.1}{\376\377\000C\000o\000l\000o\000r\000\040\000s\000e\000t\000t\000i\000n\000g\000s}{section.2}% 18
\BOOKMARK [1][-]{section.3}{\376\377\000E\000x\000a\000m\000p\000l\000e\000s}{}% 19
\BOOKMARK [2][-]{subsection.3.1}{\376\377\000A\000b\000s\000t\000r\000a\000c\000t\000\040\000F\000a\000c\000t\000o\000r\000y}{section.3}% 20
\BOOKMARK [1][-]{section.4}{\376\377\000A\000c\000k\000n\000o\000w\000l\000e\000d\000g\000e\000m\000e\000n\000t\000s}{}% 21
